#
# There is insufficient memory for the Java Runtime Environment to continue.
# Native memory allocation (malloc) failed to allocate 32744 bytes for ChunkPool::allocate
# Possible reasons:
#   The system is out of physical RAM or swap space
#   The process is running with CompressedOops enabled, and the Java Heap may be blocking the growth of the native heap
# Possible solutions:
#   Reduce memory load on the system
#   Increase physical memory or swap space
#   Check if swap backing store is full
#   Decrease Java heap size (-Xmx/-Xms)
#   Decrease number of Java threads
#   Decrease Java thread stack sizes (-Xss)
#   Set larger code cache with -XX:ReservedCodeCacheSize=
#   JVM is running with Unscaled Compressed Oops mode in which the Java heap is
#     placed in the first 4GB address space. The Java Heap base address is the
#     maximum limit for the native heap growth. Please use -XX:HeapBaseMinAddress
#     to set the Java Heap base and to place the Java Heap above 4GB virtual address.
# This output file may be truncated or incomplete.
#
#  Out of Memory Error (allocation.cpp:272), pid=42676, tid=0x000000000000a06c
#
# JRE version: OpenJDK Runtime Environment (8.0_242-b01) (build 1.8.0_242-release-1644-b01)
# Java VM: OpenJDK 64-Bit Server VM (25.242-b01 mixed mode windows-amd64 compressed oops)
# Failed to write core dump. Minidumps are not enabled by default on client versions of Windows
#

---------------  T H R E A D  ---------------

Current thread (0x000000001964f800):  JavaThread "C2 CompilerThread0" daemon [_thread_in_native, id=41068, stack(0x0000000019e50000,0x0000000019f50000)]

Stack: [0x0000000019e50000,0x0000000019f50000]
[error occurred during error reporting (printing stack bounds), id 0xc0000005]

Native frames: (J=compiled Java code, j=interpreted, Vv=VM code, C=native code)


Current CompileTask:
C2:11959190 33793 %     4       com.android.tools.r8.z.a.a.f::a @ 1743 (3630 bytes)


---------------  P R O C E S S  ---------------

Java Threads: ( => current thread )
  0x000000001f9e2000 JavaThread "WorkerExecutor Queue Thread 4" [_thread_blocked, id=16844, stack(0x000000005adf0000,0x000000005aef0000)]
  0x000000001f9e0800 JavaThread "WorkerExecutor Queue Thread 3" [_thread_blocked, id=25308, stack(0x000000005acf0000,0x000000005adf0000)]
  0x000000001f9df000 JavaThread "WorkerExecutor Queue Thread 2" [_thread_blocked, id=38180, stack(0x000000005abf0000,0x000000005acf0000)]
  0x000000001f9d7800 JavaThread "WorkerExecutor Queue" [_thread_in_native, id=36408, stack(0x000000005aaf0000,0x000000005abf0000)]
  0x000000001f9dd800 JavaThread "Cache worker for execution history cache (C:\Users\JongWook\AndroidStudioProjects\JungGar\.gradle\6.5\executionHistory)" [_thread_blocked, id=9140, stack(0x000000005a9f0000,0x000000005aaf0000)]
  0x000000001f9dc800 JavaThread "Execution worker for ':' Thread 7" [_thread_in_Java, id=42640, stack(0x000000005a8f0000,0x000000005a9f0000)]
  0x000000001f9d9000 JavaThread "Execution worker for ':' Thread 6" [_thread_blocked, id=26088, stack(0x000000005a7f0000,0x000000005a8f0000)]
  0x000000001f9d5000 JavaThread "Execution worker for ':' Thread 5" [_thread_blocked, id=9460, stack(0x000000005a6f0000,0x000000005a7f0000)]
  0x000000001f9dc000 JavaThread "Execution worker for ':' Thread 4" [_thread_blocked, id=20260, stack(0x000000005a5f0000,0x000000005a6f0000)]
  0x000000001f9da800 JavaThread "Execution worker for ':' Thread 3" [_thread_blocked, id=24060, stack(0x000000005a4f0000,0x000000005a5f0000)]
  0x000000001c4a1800 JavaThread "Execution worker for ':' Thread 2" [_thread_blocked, id=32572, stack(0x000000005a3f0000,0x000000005a4f0000)]
  0x000000001c49f800 JavaThread "Execution worker for ':'" [_thread_blocked, id=31252, stack(0x000000005a2f0000,0x000000005a3f0000)]
  0x000000001c49d000 JavaThread "Cache worker for file content cache (C:\Users\JongWook\AndroidStudioProjects\JungGar\.gradle\6.5\fileContent)" [_thread_blocked, id=19052, stack(0x000000005a1f0000,0x000000005a2f0000)]
  0x000000001c4a3000 JavaThread "Cache worker for Build Output Cleanup Cache (C:\Users\JongWook\AndroidStudioProjects\JungGar\.gradle\buildOutputCleanup)" [_thread_blocked, id=13728, stack(0x000000005a0f0000,0x000000005a1f0000)]
  0x000000001c4a1000 JavaThread "Build operations Thread 8" [_thread_blocked, id=10132, stack(0x0000000059ff0000,0x000000005a0f0000)]
  0x000000001c49e000 JavaThread "Build operations Thread 7" [_thread_blocked, id=38404, stack(0x0000000059ef0000,0x0000000059ff0000)]
  0x000000001c495000 JavaThread "Build operations Thread 6" [_thread_blocked, id=34580, stack(0x0000000059df0000,0x0000000059ef0000)]
  0x000000001c499800 JavaThread "Build operations Thread 5" [_thread_blocked, id=3748, stack(0x0000000059cf0000,0x0000000059df0000)]
  0x000000001c498800 JavaThread "Build operations Thread 4" [_thread_blocked, id=28176, stack(0x0000000059bf0000,0x0000000059cf0000)]
  0x000000001c49b800 JavaThread "Build operations Thread 3" [_thread_in_Java, id=29848, stack(0x0000000059af0000,0x0000000059bf0000)]
  0x000000001c498000 JavaThread "Build operations Thread 2" [_thread_blocked, id=9908, stack(0x00000000599f0000,0x0000000059af0000)]
  0x000000001c49b000 JavaThread "Build operations" [_thread_blocked, id=41884, stack(0x00000000598f0000,0x00000000599f0000)]
  0x000000001c484800 JavaThread "Cache worker for cache directory md-rule (C:\Users\JongWook\.gradle\caches\6.5\md-rule)" [_thread_blocked, id=26184, stack(0x00000000597f0000,0x00000000598f0000)]
  0x000000001c487800 JavaThread "Cache worker for cache directory md-supplier (C:\Users\JongWook\.gradle\caches\6.5\md-supplier)" [_thread_blocked, id=39944, stack(0x00000000596f0000,0x00000000597f0000)]
  0x000000001c48b000 JavaThread "Cache worker for checksums cache (C:\Users\JongWook\AndroidStudioProjects\JungGar\.gradle\checksums)" [_thread_blocked, id=26732, stack(0x00000000595f0000,0x00000000596f0000)]
  0x000000001f69d000 JavaThread "Cache worker for file hash cache (C:\Users\JongWook\AndroidStudioProjects\JungGar\.gradle\6.5\fileHashes)" [_thread_blocked, id=32088, stack(0x00000000594f0000,0x00000000595f0000)]
  0x000000001f69b800 JavaThread "Thread-1858" [_thread_blocked, id=30636, stack(0x00000000593f0000,0x00000000594f0000)]
  0x000000001f69c000 JavaThread "Stdin handler" [_thread_blocked, id=30404, stack(0x00000000592f0000,0x00000000593f0000)]
  0x000000001f694000 JavaThread "Asynchronous log dispatcher for DefaultDaemonConnection: socket connection from /127.0.0.1:8946 to /127.0.0.1:13435" [_thread_blocked, id=38300, stack(0x00000000591f0000,0x00000000592f0000)]
  0x000000001f69a800 JavaThread "Cancel handler" [_thread_blocked, id=42780, stack(0x00000000590f0000,0x00000000591f0000)]
  0x000000001f693000 JavaThread "Handler for socket connection from /127.0.0.1:8946 to /127.0.0.1:13435" [_thread_in_native, id=35220, stack(0x0000000058ff0000,0x00000000590f0000)]
  0x000000001f690000 JavaThread "jar transforms Thread 1222" [_thread_blocked, id=37028, stack(0x00000000582f0000,0x00000000583f0000)]
  0x000000001f691800 JavaThread "jar transforms Thread 1221" [_thread_blocked, id=29536, stack(0x00000000581f0000,0x00000000582f0000)]
  0x000000001f573000 JavaThread "jar transforms Thread 1220" [_thread_blocked, id=34196, stack(0x00000000580f0000,0x00000000581f0000)]
  0x000000001f571000 JavaThread "jar transforms Thread 1219" [_thread_blocked, id=10872, stack(0x0000000057ff0000,0x00000000580f0000)]
  0x000000001f56f800 JavaThread "jar transforms Thread 1218" [_thread_blocked, id=24064, stack(0x0000000057ef0000,0x0000000057ff0000)]
  0x000000001f56e800 JavaThread "jar transforms Thread 1217" [_thread_blocked, id=4872, stack(0x0000000057df0000,0x0000000057ef0000)]
  0x000000001f572800 JavaThread "jar transforms Thread 1216" [_thread_blocked, id=38784, stack(0x0000000057cf0000,0x0000000057df0000)]
  0x000000001f574000 JavaThread "jar transforms Thread 1215" [_thread_blocked, id=18480, stack(0x0000000057bf0000,0x0000000057cf0000)]
  0x000000001f570000 JavaThread "jar transforms Thread 1214" [_thread_blocked, id=35344, stack(0x0000000057af0000,0x0000000057bf0000)]
  0x000000001f566800 JavaThread "jar transforms Thread 1213" [_thread_blocked, id=12368, stack(0x00000000579f0000,0x0000000057af0000)]
  0x000000001f569800 JavaThread "jar transforms Thread 1212" [_thread_blocked, id=39868, stack(0x00000000578f0000,0x00000000579f0000)]
  0x000000001f56d000 JavaThread "jar transforms Thread 1211" [_thread_blocked, id=32364, stack(0x00000000577f0000,0x00000000578f0000)]
  0x000000001f567000 JavaThread "jar transforms Thread 1210" [_thread_blocked, id=36996, stack(0x00000000576f0000,0x00000000577f0000)]
  0x000000001f56c800 JavaThread "jar transforms Thread 1209" [_thread_blocked, id=27896, stack(0x00000000575f0000,0x00000000576f0000)]
  0x000000001f565000 JavaThread "jar transforms Thread 1208" [_thread_blocked, id=39016, stack(0x00000000574f0000,0x00000000575f0000)]
  0x000000001f568800 JavaThread "jar transforms Thread 1207" [_thread_blocked, id=33232, stack(0x00000000573f0000,0x00000000574f0000)]
  0x000000001f568000 JavaThread "jar transforms Thread 1206" [_thread_blocked, id=38456, stack(0x00000000572f0000,0x00000000573f0000)]
  0x000000001f56a000 JavaThread "jar transforms Thread 1205" [_thread_blocked, id=30472, stack(0x00000000571f0000,0x00000000572f0000)]
  0x000000001f565800 JavaThread "jar transforms Thread 1204" [_thread_blocked, id=27232, stack(0x00000000570f0000,0x00000000571f0000)]
  0x000000001f56b000 JavaThread "jar transforms Thread 1203" [_thread_blocked, id=40924, stack(0x0000000056ff0000,0x00000000570f0000)]
  0x000000001c95b000 JavaThread "jar transforms Thread 1202" [_thread_blocked, id=15256, stack(0x0000000056ef0000,0x0000000056ff0000)]
  0x000000001c95a800 JavaThread "jar transforms Thread 1201" [_thread_blocked, id=24652, stack(0x0000000056df0000,0x0000000056ef0000)]
  0x000000001c959800 JavaThread "jar transforms Thread 1200" [_thread_blocked, id=39096, stack(0x0000000056cf0000,0x0000000056df0000)]
  0x000000001c95c800 JavaThread "jar transforms Thread 1199" [_thread_blocked, id=7380, stack(0x0000000056bf0000,0x0000000056cf0000)]
  0x000000001c959000 JavaThread "jar transforms Thread 1198" [_thread_blocked, id=22108, stack(0x0000000056af0000,0x0000000056bf0000)]
  0x000000001c95c000 JavaThread "jar transforms Thread 1197" [_thread_blocked, id=29420, stack(0x00000000569f0000,0x0000000056af0000)]
  0x000000001c951800 JavaThread "jar transforms Thread 1196" [_thread_blocked, id=9008, stack(0x00000000568f0000,0x00000000569f0000)]
  0x000000001c958000 JavaThread "jar transforms Thread 1195" [_thread_blocked, id=4716, stack(0x00000000567f0000,0x00000000568f0000)]
  0x000000001c956000 JavaThread "jar transforms Thread 1194" [_thread_blocked, id=41628, stack(0x00000000566f0000,0x00000000567f0000)]
  0x000000001c956800 JavaThread "jar transforms Thread 1193" [_thread_blocked, id=24684, stack(0x00000000565f0000,0x00000000566f0000)]
  0x000000001c94e800 JavaThread "jar transforms Thread 1192" [_thread_blocked, id=40156, stack(0x00000000564f0000,0x00000000565f0000)]
  0x000000001c955000 JavaThread "jar transforms Thread 1191" [_thread_blocked, id=41868, stack(0x00000000563f0000,0x00000000564f0000)]
  0x000000001c950800 JavaThread "jar transforms Thread 1190" [_thread_blocked, id=25612, stack(0x00000000562f0000,0x00000000563f0000)]
  0x000000001c94f000 JavaThread "jar transforms Thread 1189" [_thread_blocked, id=32008, stack(0x00000000561f0000,0x00000000562f0000)]
  0x000000001c953800 JavaThread "jar transforms Thread 1188" [_thread_blocked, id=34736, stack(0x00000000560f0000,0x00000000561f0000)]
  0x000000001c94d800 JavaThread "jar transforms Thread 1187" [_thread_blocked, id=34932, stack(0x0000000055ff0000,0x00000000560f0000)]
  0x000000001c953000 JavaThread "jar transforms Thread 1186" [_thread_blocked, id=4372, stack(0x0000000055ef0000,0x0000000055ff0000)]
  0x000000001c952000 JavaThread "jar transforms Thread 1185" [_thread_blocked, id=41028, stack(0x0000000055df0000,0x0000000055ef0000)]
  0x000000001c950000 JavaThread "jar transforms Thread 1184" [_thread_blocked, id=41328, stack(0x0000000055cf0000,0x0000000055df0000)]
  0x000000001c954800 JavaThread "jar transforms Thread 1183" [_thread_blocked, id=5292, stack(0x0000000055bf0000,0x0000000055cf0000)]
  0x000000002642b800 JavaThread "jar transforms Thread 1182" [_thread_blocked, id=9084, stack(0x0000000055af0000,0x0000000055bf0000)]
  0x000000002642b000 JavaThread "jar transforms Thread 1181" [_thread_blocked, id=7436, stack(0x00000000559f0000,0x0000000055af0000)]
  0x0000000026429800 JavaThread "jar transforms Thread 1180" [_thread_blocked, id=38480, stack(0x00000000558f0000,0x00000000559f0000)]
  0x0000000026428800 JavaThread "jar transforms Thread 1179" [_thread_blocked, id=40776, stack(0x00000000557f0000,0x00000000558f0000)]
  0x000000002642a000 JavaThread "jar transforms Thread 1178" [_thread_blocked, id=14560, stack(0x00000000556f0000,0x00000000557f0000)]
  0x0000000026428000 JavaThread "jar transforms Thread 1177" [_thread_blocked, id=26576, stack(0x00000000555f0000,0x00000000556f0000)]
  0x0000000026420800 JavaThread "jar transforms Thread 1176" [_thread_blocked, id=3604, stack(0x00000000554f0000,0x00000000555f0000)]
  0x0000000026427000 JavaThread "jar transforms Thread 1175" [_thread_blocked, id=37708, stack(0x00000000553f0000,0x00000000554f0000)]
  0x0000000026425000 JavaThread "jar transforms Thread 1174" [_thread_blocked, id=39568, stack(0x00000000552f0000,0x00000000553f0000)]
  0x0000000026424000 JavaThread "jar transforms Thread 1173" [_thread_blocked, id=30784, stack(0x00000000551f0000,0x00000000552f0000)]
  0x000000002641f800 JavaThread "jar transforms Thread 1172" [_thread_blocked, id=39824, stack(0x00000000550f0000,0x00000000551f0000)]
  0x0000000026423800 JavaThread "jar transforms Thread 1171" [_thread_blocked, id=34796, stack(0x0000000054ff0000,0x00000000550f0000)]
  0x0000000026422800 JavaThread "jar transforms Thread 1170" [_thread_blocked, id=30272, stack(0x0000000054ef0000,0x0000000054ff0000)]
  0x0000000026426800 JavaThread "jar transforms Thread 1169" [_thread_blocked, id=41336, stack(0x0000000054df0000,0x0000000054ef0000)]
  0x0000000026425800 JavaThread "jar transforms Thread 1168" [_thread_blocked, id=38500, stack(0x0000000054cf0000,0x0000000054df0000)]
  0x0000000026422000 JavaThread "jar transforms Thread 1167" [_thread_blocked, id=23132, stack(0x0000000054bf0000,0x0000000054cf0000)]
  0x0000000026418000 JavaThread "jar transforms Thread 1166" [_thread_blocked, id=25556, stack(0x0000000054af0000,0x0000000054bf0000)]
  0x000000002641e000 JavaThread "jar transforms Thread 1165" [_thread_blocked, id=27952, stack(0x00000000549f0000,0x0000000054af0000)]
  0x000000002641d800 JavaThread "jar transforms Thread 1164" [_thread_blocked, id=39112, stack(0x00000000548f0000,0x00000000549f0000)]
  0x0000000026419800 JavaThread "jar transforms Thread 1163" [_thread_blocked, id=14928, stack(0x00000000547f0000,0x00000000548f0000)]
  0x000000002641c800 JavaThread "jar transforms Thread 1162" [_thread_blocked, id=14544, stack(0x00000000546f0000,0x00000000547f0000)]
  0x0000000026416800 JavaThread "jar transforms Thread 1161" [_thread_blocked, id=42600, stack(0x00000000545f0000,0x00000000546f0000)]
  0x000000002641c000 JavaThread "jar transforms Thread 1160" [_thread_blocked, id=21320, stack(0x00000000544f0000,0x00000000545f0000)]
  0x0000000026417000 JavaThread "jar transforms Thread 1159" [_thread_blocked, id=12056, stack(0x00000000543f0000,0x00000000544f0000)]
  0x000000002641b000 JavaThread "jar transforms Thread 1158" [_thread_blocked, id=19468, stack(0x00000000542f0000,0x00000000543f0000)]
  0x000000002640e000 JavaThread "jar transforms Thread 1157" [_thread_blocked, id=7288, stack(0x00000000541f0000,0x00000000542f0000)]
  0x0000000026415000 JavaThread "jar transforms Thread 1156" [_thread_blocked, id=7652, stack(0x00000000540f0000,0x00000000541f0000)]
  0x0000000026414000 JavaThread "jar transforms Thread 1155" [_thread_blocked, id=39904, stack(0x0000000053ff0000,0x00000000540f0000)]
  0x0000000026412800 JavaThread "jar transforms Thread 1154" [_thread_blocked, id=36972, stack(0x0000000053ef0000,0x0000000053ff0000)]
  0x0000000026410800 JavaThread "jar transforms Thread 1153" [_thread_blocked, id=32188, stack(0x0000000053df0000,0x0000000053ef0000)]
  0x000000002640f800 JavaThread "jar transforms Thread 1152" [_thread_blocked, id=22556, stack(0x0000000053cf0000,0x0000000053df0000)]
  0x000000001c49e800 JavaThread "jar transforms Thread 1151" [_thread_blocked, id=37612, stack(0x0000000053bf0000,0x0000000053cf0000)]
  0x000000001c49c800 JavaThread "jar transforms Thread 1150" [_thread_blocked, id=25060, stack(0x0000000053af0000,0x0000000053bf0000)]
  0x000000001c4a2800 JavaThread "jar transforms Thread 1149" [_thread_blocked, id=12628, stack(0x00000000539f0000,0x0000000053af0000)]
  0x000000001c496800 JavaThread "jar transforms Thread 1148" [_thread_blocked, id=18520, stack(0x0000000052cf0000,0x0000000052df0000)]
  0x000000001c497000 JavaThread "jar transforms Thread 1147" [_thread_blocked, id=14144, stack(0x0000000052bf0000,0x0000000052cf0000)]
  0x000000001c49a000 JavaThread "jar transforms Thread 1146" [_thread_blocked, id=38200, stack(0x0000000052af0000,0x0000000052bf0000)]
  0x000000001c495800 JavaThread "jar transforms Thread 1145" [_thread_blocked, id=25916, stack(0x00000000529f0000,0x0000000052af0000)]
  0x000000001c48d800 JavaThread "jar transforms Thread 1144" [_thread_blocked, id=33492, stack(0x00000000528f0000,0x00000000529f0000)]
  0x000000001c493800 JavaThread "jar transforms Thread 1143" [_thread_blocked, id=22912, stack(0x00000000527f0000,0x00000000528f0000)]
  0x000000001c491000 JavaThread "jar transforms Thread 1142" [_thread_blocked, id=40796, stack(0x00000000526f0000,0x00000000527f0000)]
  0x000000001c48f800 JavaThread "jar transforms Thread 1141" [_thread_blocked, id=33324, stack(0x00000000525f0000,0x00000000526f0000)]
  0x000000001c492800 JavaThread "jar transforms Thread 1140" [_thread_blocked, id=38900, stack(0x00000000524f0000,0x00000000525f0000)]
  0x000000001c48f000 JavaThread "jar transforms Thread 1139" [_thread_blocked, id=38116, stack(0x00000000523f0000,0x00000000524f0000)]
  0x000000001c48e000 JavaThread "jar transforms Thread 1138" [_thread_blocked, id=21096, stack(0x00000000522f0000,0x00000000523f0000)]
  0x000000001c492000 JavaThread "jar transforms Thread 1137" [_thread_blocked, id=10804, stack(0x00000000521f0000,0x00000000522f0000)]
  0x000000001c494000 JavaThread "jar transforms Thread 1136" [_thread_blocked, id=10424, stack(0x00000000520f0000,0x00000000521f0000)]
  0x000000001c48c800 JavaThread "jar transforms Thread 1135" [_thread_blocked, id=22412, stack(0x0000000051ff0000,0x00000000520f0000)]
  0x000000001c485000 JavaThread "jar transforms Thread 1134" [_thread_blocked, id=40756, stack(0x0000000051ef0000,0x0000000051ff0000)]
  0x000000001c48c000 JavaThread "jar transforms Thread 1133" [_thread_blocked, id=28604, stack(0x0000000051df0000,0x0000000051ef0000)]
  0x000000001c48a800 JavaThread "jar transforms Thread 1132" [_thread_blocked, id=10896, stack(0x0000000051cf0000,0x0000000051df0000)]
  0x000000001c486000 JavaThread "jar transforms Thread 1131" [_thread_blocked, id=3744, stack(0x0000000051bf0000,0x0000000051cf0000)]
  0x000000001c486800 JavaThread "jar transforms Thread 1130" [_thread_blocked, id=24572, stack(0x0000000051af0000,0x0000000051bf0000)]
  0x000000001c488000 JavaThread "jar transforms Thread 1129" [_thread_blocked, id=7412, stack(0x00000000519f0000,0x0000000051af0000)]
  0x0000000019666000 JavaThread "Daemon worker Thread 13" [_thread_blocked, id=41456, stack(0x00000000514f0000,0x00000000515f0000)]
  0x0000000019664800 JavaThread "Daemon Thread 13" [_thread_blocked, id=25320, stack(0x00000000511f0000,0x00000000512f0000)]
  0x000000001f697800 JavaThread "Cache worker for Java compile cache (C:\Users\JongWook\.gradle\caches\6.5\javaCompile)" [_thread_blocked, id=13432, stack(0x000000002d980000,0x000000002da80000)]
  0x000000001b947800 JavaThread "Memory manager" [_thread_blocked, id=20612, stack(0x000000002b630000,0x000000002b730000)]
  0x000000001e61b800 JavaThread "Cache worker for file content cache (C:\Users\JongWook\.gradle\caches\6.5\fileContent)" [_thread_blocked, id=11712, stack(0x00000000224f0000,0x00000000225f0000)]
  0x0000000019661800 JavaThread "Cache worker for execution history cache (C:\Users\JongWook\.gradle\caches\6.5\executionHistory)" [_thread_blocked, id=14444, stack(0x0000000021cf0000,0x0000000021df0000)]
  0x0000000019663000 JavaThread "Cache worker for file hash cache (C:\Users\JongWook\.gradle\caches\6.5\fileHashes)" [_thread_blocked, id=20708, stack(0x000000001e1f0000,0x000000001e2f0000)]
  0x0000000019662800 JavaThread "File lock request listener" [_thread_in_native, id=16976, stack(0x000000001e0f0000,0x000000001e1f0000)]
  0x000000001a811000 JavaThread "Cache worker for journal cache (C:\Users\JongWook\.gradle\caches\journal-1)" [_thread_blocked, id=10716, stack(0x000000001dff0000,0x000000001e0f0000)]
  0x000000001be7d800 JavaThread "Daemon periodic checks" [_thread_blocked, id=22124, stack(0x000000001d2f0000,0x000000001d3f0000)]
  0x000000001bf22000 JavaThread "Incoming local TCP Connector on port 8946" [_thread_in_native, id=38396, stack(0x000000001d110000,0x000000001d210000)]
  0x000000001bdc5800 JavaThread "Daemon health stats" [_thread_blocked, id=15272, stack(0x000000001cdf0000,0x000000001cef0000)]
  0x00000000196f0800 JavaThread "Service Thread" daemon [_thread_blocked, id=40240, stack(0x000000001a250000,0x000000001a350000)]
  0x0000000019665800 JavaThread "C1 CompilerThread3" daemon [_thread_blocked, id=36680, stack(0x000000001a150000,0x000000001a250000)]
  0x0000000019664000 JavaThread "C2 CompilerThread2" daemon [_thread_in_native, id=32864, stack(0x000000001a050000,0x000000001a150000)]
  0x0000000019652000 JavaThread "C2 CompilerThread1" daemon [_thread_in_native, id=15580, stack(0x0000000019f50000,0x000000001a050000)]
=>0x000000001964f800 JavaThread "C2 CompilerThread0" daemon [_thread_in_native, id=41068, stack(0x0000000019e50000,0x0000000019f50000)]
  0x00000000195fc000 JavaThread "Attach Listener" daemon [_thread_blocked, id=24488, stack(0x0000000019d50000,0x0000000019e50000)]
  0x00000000195fb000 JavaThread "Signal Dispatcher" daemon [_thread_blocked, id=29620, stack(0x0000000019c50000,0x0000000019d50000)]
  0x000000000276e000 JavaThread "Finalizer" daemon [_thread_blocked, id=42392, stack(0x0000000019ac0000,0x0000000019bc0000)]
  0x0000000002767000 JavaThread "Reference Handler" daemon [_thread_blocked, id=23460, stack(0x00000000199c0000,0x0000000019ac0000)]
  0x0000000000a7e000 JavaThread "main" [_thread_blocked, id=11744, stack(0x0000000002570000,0x0000000002670000)]

Other Threads:
  0x00000000177d6000 VMThread [stack: 0x00000000194c0000,0x00000000195c0000] [id=4112]
  0x00000000196f1800 WatcherThread [stack: 0x000000001a350000,0x000000001a450000] [id=10268]

VM state:not at safepoint (normal execution)

VM Mutex/Monitor currently owned by a thread: None

heap address: 0x0000000080000000, size: 2048 MB, Compressed Oops mode: 32-bit
Narrow klass base: 0x0000000000000000, Narrow klass shift: 3
Compressed class space size: 1073741824 Address: 0x0000000100000000

Heap:
 PSYoungGen      total 600064K, used 352322K [0x00000000d5580000, 0x00000000fec00000, 0x0000000100000000)
  eden space 531968K, 56% used [0x00000000d5580000,0x00000000e7c03598,0x00000000f5d00000)
  from space 68096K, 74% used [0x00000000f5d00000,0x00000000f8e8d458,0x00000000f9f80000)
  to   space 71168K, 0% used [0x00000000fa680000,0x00000000fa680000,0x00000000fec00000)
 ParOldGen       total 537088K, used 267316K [0x0000000080000000, 0x00000000a0c80000, 0x00000000d5580000)
  object space 537088K, 49% used [0x0000000080000000,0x000000009050d3f8,0x00000000a0c80000)
 Metaspace       used 124899K, capacity 135368K, committed 135512K, reserved 1167360K
  class space    used 15843K, capacity 17785K, committed 17792K, reserved 1048576K

Card table byte_map: [0x0000000011b30000,0x0000000011f40000] byte_map_base: 0x0000000011730000

Marking Bits: (ParMarkBitMap*) 0x000000006996f030
 Begin Bits: [0x00000000129f0000, 0x00000000149f0000)
 End Bits:   [0x00000000149f0000, 0x00000000169f0000)

Polling page: 0x00000000009b0000

CodeCache: size=245760Kb used=89058Kb max_used=90703Kb free=156701Kb
 bounds [0x0000000002770000, 0x0000000008090000, 0x0000000011770000]
 total_blobs=25539 nmethods=24577 adapters=870
 compilation: enabled

Compilation events (10 events):
Event: 11953.625 Thread 0x0000000019665800 nmethod 34133 0x0000000004eaed50 code [0x0000000004eaeea0, 0x0000000004eaf030]
Event: 11953.625 Thread 0x0000000019665800 34134       2       com.android.tools.r8.s.b.q1$$Lambda$936/1020049394::<init> (10 bytes)
Event: 11953.626 Thread 0x0000000019665800 nmethod 34134 0x0000000004eaea10 code [0x0000000004eaeb60, 0x0000000004eaecd0]
Event: 11953.628 Thread 0x0000000019665800 34135       2       com.android.tools.r8.s.b.U0::j0 (57 bytes)
Event: 11953.629 Thread 0x0000000019665800 nmethod 34135 0x0000000004eae350 code [0x0000000004eae4e0, 0x0000000004eae848]
Event: 11953.636 Thread 0x0000000019665800 34138       3       com.android.tools.r8.ir.optimize.K::a (115 bytes)
Event: 11953.638 Thread 0x0000000019665800 nmethod 34138 0x0000000005c51190 code [0x0000000005c51400, 0x0000000005c52668]
Event: 11953.654 Thread 0x0000000019652000 nmethod 34062 0x0000000005ee81d0 code [0x0000000005ee84e0, 0x0000000005eea460]
Event: 11953.655 Thread 0x0000000019652000 33838       4       com.android.tools.r8.ir.regalloc.a::b (1365 bytes)
Event: 11953.659 Thread 0x0000000019665800 34139       3       com.android.tools.r8.ir.conversion.H::<init> (46 bytes)

GC Heap History (10 events):
Event: 10958.881 GC heap before
{Heap before GC invocations=40 (full 5):
 PSYoungGen      total 597504K, used 562950K [0x00000000d5580000, 0x00000000fee00000, 0x0000000100000000)
  eden space 523776K, 100% used [0x00000000d5580000,0x00000000f5500000,0x00000000f5500000)
  from space 73728K, 53% used [0x00000000fa600000,0x00000000fcc41b10,0x00000000fee00000)
  to   space 78336K, 0% used [0x00000000f5500000,0x00000000f5500000,0x00000000fa180000)
 ParOldGen       total 537088K, used 259243K [0x0000000080000000, 0x00000000a0c80000, 0x00000000d5580000)
  object space 537088K, 48% used [0x0000000080000000,0x000000008fd2af50,0x00000000a0c80000)
 Metaspace       used 108494K, capacity 116012K, committed 116312K, reserved 1150976K
  class space    used 13555K, capacity 14891K, committed 14976K, reserved 1048576K
Event: 10958.906 GC heap after
Heap after GC invocations=40 (full 5):
 PSYoungGen      total 602112K, used 26834K [0x00000000d5580000, 0x00000000fef80000, 0x0000000100000000)
  eden space 523776K, 0% used [0x00000000d5580000,0x00000000d5580000,0x00000000f5500000)
  from space 78336K, 34% used [0x00000000f5500000,0x00000000f6f34b10,0x00000000fa180000)
  to   space 75776K, 0% used [0x00000000fa580000,0x00000000fa580000,0x00000000fef80000)
 ParOldGen       total 537088K, used 259243K [0x0000000080000000, 0x00000000a0c80000, 0x00000000d5580000)
  object space 537088K, 48% used [0x0000000080000000,0x000000008fd2af50,0x00000000a0c80000)
 Metaspace       used 108494K, capacity 116012K, committed 116312K, reserved 1150976K
  class space    used 13555K, capacity 14891K, committed 14976K, reserved 1048576K
}
Event: 11067.597 GC heap before
{Heap before GC invocations=41 (full 5):
 PSYoungGen      total 602112K, used 550610K [0x00000000d5580000, 0x00000000fef80000, 0x0000000100000000)
  eden space 523776K, 100% used [0x00000000d5580000,0x00000000f5500000,0x00000000f5500000)
  from space 78336K, 34% used [0x00000000f5500000,0x00000000f6f34b10,0x00000000fa180000)
  to   space 75776K, 0% used [0x00000000fa580000,0x00000000fa580000,0x00000000fef80000)
 ParOldGen       total 537088K, used 259243K [0x0000000080000000, 0x00000000a0c80000, 0x00000000d5580000)
  object space 537088K, 48% used [0x0000000080000000,0x000000008fd2af50,0x00000000a0c80000)
 Metaspace       used 109120K, capacity 116642K, committed 116824K, reserved 1150976K
  class space    used 13599K, capacity 14974K, committed 14976K, reserved 1048576K
Event: 11067.627 GC heap after
Heap after GC invocations=41 (full 5):
 PSYoungGen      total 594944K, used 33586K [0x00000000d5580000, 0x00000000fe600000, 0x0000000100000000)
  eden space 528896K, 0% used [0x00000000d5580000,0x00000000d5580000,0x00000000f5a00000)
  from space 66048K, 50% used [0x00000000fa580000,0x00000000fc64c8d0,0x00000000fe600000)
  to   space 71680K, 0% used [0x00000000f5a00000,0x00000000f5a00000,0x00000000fa000000)
 ParOldGen       total 537088K, used 259251K [0x0000000080000000, 0x00000000a0c80000, 0x00000000d5580000)
  object space 537088K, 48% used [0x0000000080000000,0x000000008fd2cf50,0x00000000a0c80000)
 Metaspace       used 109120K, capacity 116642K, committed 116824K, reserved 1150976K
  class space    used 13599K, capacity 14974K, committed 14976K, reserved 1048576K
}
Event: 11356.625 GC heap before
{Heap before GC invocations=42 (full 5):
 PSYoungGen      total 594944K, used 562482K [0x00000000d5580000, 0x00000000fe600000, 0x0000000100000000)
  eden space 528896K, 100% used [0x00000000d5580000,0x00000000f5a00000,0x00000000f5a00000)
  from space 66048K, 50% used [0x00000000fa580000,0x00000000fc64c8d0,0x00000000fe600000)
  to   space 71680K, 0% used [0x00000000f5a00000,0x00000000f5a00000,0x00000000fa000000)
 ParOldGen       total 537088K, used 259251K [0x0000000080000000, 0x00000000a0c80000, 0x00000000d5580000)
  object space 537088K, 48% used [0x0000000080000000,0x000000008fd2cf50,0x00000000a0c80000)
 Metaspace       used 110532K, capacity 119838K, committed 119896K, reserved 1153024K
  class space    used 13871K, capacity 15474K, committed 15488K, reserved 1048576K
Event: 11356.641 GC heap after
Heap after GC invocations=42 (full 5):
 PSYoungGen      total 600576K, used 25240K [0x00000000d5580000, 0x00000000fe600000, 0x0000000100000000)
  eden space 528896K, 0% used [0x00000000d5580000,0x00000000d5580000,0x00000000f5a00000)
  from space 71680K, 35% used [0x00000000f5a00000,0x00000000f72a6358,0x00000000fa000000)
  to   space 69632K, 0% used [0x00000000fa200000,0x00000000fa200000,0x00000000fe600000)
 ParOldGen       total 537088K, used 259251K [0x0000000080000000, 0x00000000a0c80000, 0x00000000d5580000)
  object space 537088K, 48% used [0x0000000080000000,0x000000008fd2cf50,0x00000000a0c80000)
 Metaspace       used 110532K, capacity 119838K, committed 119896K, reserved 1153024K
  class space    used 13871K, capacity 15474K, committed 15488K, reserved 1048576K
}
Event: 11923.516 GC heap before
{Heap before GC invocations=43 (full 5):
 PSYoungGen      total 600576K, used 554136K [0x00000000d5580000, 0x00000000fe600000, 0x0000000100000000)
  eden space 528896K, 100% used [0x00000000d5580000,0x00000000f5a00000,0x00000000f5a00000)
  from space 71680K, 35% used [0x00000000f5a00000,0x00000000f72a6358,0x00000000fa000000)
  to   space 69632K, 0% used [0x00000000fa200000,0x00000000fa200000,0x00000000fe600000)
 ParOldGen       total 537088K, used 259251K [0x0000000080000000, 0x00000000a0c80000, 0x00000000d5580000)
  object space 537088K, 48% used [0x0000000080000000,0x000000008fd2cf50,0x00000000a0c80000)
 Metaspace       used 115589K, capacity 125638K, committed 125912K, reserved 1159168K
  class space    used 14579K, capacity 16306K, committed 16384K, reserved 1048576K
Event: 11923.552 GC heap after
Heap after GC invocations=43 (full 5):
 PSYoungGen      total 597504K, used 21880K [0x00000000d5580000, 0x00000000fe200000, 0x0000000100000000)
  eden space 531968K, 0% used [0x00000000d5580000,0x00000000d5580000,0x00000000f5d00000)
  from space 65536K, 33% used [0x00000000fa200000,0x00000000fb75e358,0x00000000fe200000)
  to   space 68096K, 0% used [0x00000000f5d00000,0x00000000f5d00000,0x00000000f9f80000)
 ParOldGen       total 537088K, used 267004K [0x0000000080000000, 0x00000000a0c80000, 0x00000000d5580000)
  object space 537088K, 49% used [0x0000000080000000,0x00000000904bf3d8,0x00000000a0c80000)
 Metaspace       used 115589K, capacity 125638K, committed 125912K, reserved 1159168K
  class space    used 14579K, capacity 16306K, committed 16384K, reserved 1048576K
}
Event: 11952.597 GC heap before
{Heap before GC invocations=44 (full 5):
 PSYoungGen      total 597504K, used 553848K [0x00000000d5580000, 0x00000000fe200000, 0x0000000100000000)
  eden space 531968K, 100% used [0x00000000d5580000,0x00000000f5d00000,0x00000000f5d00000)
  from space 65536K, 33% used [0x00000000fa200000,0x00000000fb75e358,0x00000000fe200000)
  to   space 68096K, 0% used [0x00000000f5d00000,0x00000000f5d00000,0x00000000f9f80000)
 ParOldGen       total 537088K, used 267004K [0x0000000080000000, 0x00000000a0c80000, 0x00000000d5580000)
  object space 537088K, 49% used [0x0000000080000000,0x00000000904bf3d8,0x00000000a0c80000)
 Metaspace       used 124810K, capacity 135296K, committed 135512K, reserved 1167360K
  class space    used 15840K, capacity 17783K, committed 17792K, reserved 1048576K
Event: 11952.664 GC heap after
Heap after GC invocations=44 (full 5):
 PSYoungGen      total 600064K, used 50741K [0x00000000d5580000, 0x00000000fec00000, 0x0000000100000000)
  eden space 531968K, 0% used [0x00000000d5580000,0x00000000d5580000,0x00000000f5d00000)
  from space 68096K, 74% used [0x00000000f5d00000,0x00000000f8e8d458,0x00000000f9f80000)
  to   space 71168K, 0% used [0x00000000fa680000,0x00000000fa680000,0x00000000fec00000)
 ParOldGen       total 537088K, used 267316K [0x0000000080000000, 0x00000000a0c80000, 0x00000000d5580000)
  object space 537088K, 49% used [0x0000000080000000,0x000000009050d3f8,0x00000000a0c80000)
 Metaspace       used 124810K, capacity 135296K, committed 135512K, reserved 1167360K
  class space    used 15840K, capacity 17783K, committed 17792K, reserved 1048576K
}

Deoptimization events (10 events):
Event: 11951.498 Thread 0x000000001f9dc800 Uncommon trap: reason=null_check action=make_not_entrant pc=0x000000000427f760 method=com.android.manifmerger.XmlElement.<init>(Lorg/w3c/dom/Element;Lcom/android/manifmerger/XmlDocument;)V @ 86
Event: 11951.519 Thread 0x000000001f9dc800 Uncommon trap: reason=class_check action=maybe_recompile pc=0x00000000034b3974 method=java.util.HashMap$EntrySpliterator.forEachRemaining(Ljava/util/function/Consumer;)V @ 142
Event: 11952.533 Thread 0x000000001c49b800 Uncommon trap: reason=null_check action=make_not_entrant pc=0x00000000045737d4 method=com.android.tools.r8.s.a.p.a.a(Lcom/android/tools/r8/s/a/p/l;)Lcom/android/tools/r8/s/a/p/o; @ 8
Event: 11952.578 Thread 0x000000001f9dc800 Uncommon trap: reason=unstable_if action=reinterpret pc=0x0000000007646270 method=com.android.tools.r8.graph.I0$c.a()V @ 390
Event: 11952.579 Thread 0x000000001f9dc800 Uncommon trap: reason=unstable_if action=reinterpret pc=0x000000000546edb0 method=com.android.tools.r8.graph.i0.a(C)I @ 7
Event: 11952.669 Thread 0x000000000276e000 Uncommon trap: reason=unstable_if action=reinterpret pc=0x0000000002c5304c method=java.util.WeakHashMap.expungeStaleEntries()V @ 66
Event: 11952.835 Thread 0x000000001f9dc800 Uncommon trap: reason=unstable_if action=reinterpret pc=0x0000000007a963cc method=com.android.tools.r8.ir.optimize.l.a(Lcom/android/tools/r8/s/b/X;Lcom/android/tools/r8/s/b/o;Ljava/util/function/Supplier;Ljava/util/Map;Ljava/util/function/Predicate;)V @ 2
Event: 11953.295 Thread 0x000000001f9dc800 Uncommon trap: reason=class_check action=maybe_recompile pc=0x000000000467f514 method=com.android.tools.r8.ir.optimize.r.a(Lcom/android/tools/r8/s/b/X;Lcom/android/tools/r8/utils/n1;)V @ 277
Event: 11953.337 Thread 0x000000001f9dc800 Uncommon trap: reason=unstable_if action=reinterpret pc=0x0000000006b97880 method=java.util.HashMap.computeIfAbsent(Ljava/lang/Object;Ljava/util/function/Function;)Ljava/lang/Object; @ 89
Event: 11953.435 Thread 0x000000001f9dc800 Uncommon trap: reason=unstable_if action=reinterpret pc=0x00000000076046a4 method=com.android.tools.r8.ir.regalloc.a.a(Lcom/android/tools/r8/utils/k0;Lcom/android/tools/r8/s/b/X;Ljava/util/Map;Ljava/util/List;)V @ 795

Classes redefined (0 events):
No events

Internal exceptions (10 events):
Event: 11928.988 Thread 0x000000001c48b000 Exception <a 'java/lang/NoSuchMethodError': <clinit>> (0x00000000e55cd408) thrown at [C:\src\AOSP-openjdk-git\hotspot\src\share\vm\prims\jni.cpp, line 1615]
Event: 11928.990 Thread 0x000000001c48b000 Exception <a 'java/lang/NoSuchMethodError': <clinit>> (0x00000000e55dcab8) thrown at [C:\src\AOSP-openjdk-git\hotspot\src\share\vm\prims\jni.cpp, line 1615]
Event: 11950.150 Thread 0x0000000019666000 Exception <a 'sun/nio/fs/WindowsException'> (0x00000000e6be7118) thrown at [C:\src\AOSP-openjdk-git\hotspot\src\share\vm\prims\jni.cpp, line 710]
Event: 11951.743 Thread 0x000000001c498000 Exception <a 'sun/nio/fs/WindowsException'> (0x00000000edd7a670) thrown at [C:\src\AOSP-openjdk-git\hotspot\src\share\vm\prims\jni.cpp, line 710]
Event: 11951.801 Thread 0x000000001c49e000 Exception <a 'sun/nio/fs/WindowsException'> (0x00000000ee308998) thrown at [C:\src\AOSP-openjdk-git\hotspot\src\share\vm\prims\jni.cpp, line 710]
Event: 11951.833 Thread 0x000000001c49b000 Exception <a 'sun/nio/fs/WindowsException'> (0x00000000ee805eb8) thrown at [C:\src\AOSP-openjdk-git\hotspot\src\share\vm\prims\jni.cpp, line 710]
Event: 11951.890 Thread 0x000000001c49b000 Exception <a 'sun/nio/fs/WindowsException'> (0x00000000ee97f448) thrown at [C:\src\AOSP-openjdk-git\hotspot\src\share\vm\prims\jni.cpp, line 710]
Event: 11952.373 Thread 0x000000001c49b800 Exception <a 'sun/nio/fs/WindowsException'> (0x00000000f2c715e0) thrown at [C:\src\AOSP-openjdk-git\hotspot\src\share\vm\prims\jni.cpp, line 710]
Event: 11952.533 Thread 0x000000001c49b800 Implicit null exception at 0x0000000004572f03 to 0x00000000045737c9
Event: 11952.545 Thread 0x000000001f9dc800 Exception <a 'sun/nio/fs/WindowsException'> (0x00000000f4ce8270) thrown at [C:\src\AOSP-openjdk-git\hotspot\src\share\vm\prims\jni.cpp, line 710]

Events (10 events):
Event: 11953.570 Thread 0x000000001f9dc800 DEOPT PACKING pc=0x00000000078697f0 sp=0x000000005a9e9560
Event: 11953.570 Thread 0x000000001f9dc800 DEOPT UNPACKING pc=0x00000000027b75d0 sp=0x000000005a9e9488 mode 0
Event: 11953.572 Thread 0x000000001c49b800 DEOPT PACKING pc=0x00000000063f65e2 sp=0x0000000059bebba0
Event: 11953.572 Thread 0x000000001c49b800 DEOPT UNPACKING pc=0x00000000027b75d0 sp=0x0000000059beba18 mode 0
Event: 11953.603 Thread 0x000000001f9dc800 DEOPT PACKING pc=0x00000000078696d9 sp=0x000000005a9e9560
Event: 11953.603 Thread 0x000000001f9dc800 DEOPT UNPACKING pc=0x00000000027b75d0 sp=0x000000005a9e9488 mode 0
Event: 11953.605 Thread 0x000000001f9dc800 DEOPT PACKING pc=0x00000000063f662c sp=0x000000005a9e93a0
Event: 11953.605 Thread 0x000000001f9dc800 DEOPT UNPACKING pc=0x00000000027b75d0 sp=0x000000005a9e9220 mode 0
Event: 11953.629 Thread 0x000000001f9dc800 DEOPT PACKING pc=0x00000000063f65e2 sp=0x000000005a9e9910
Event: 11953.629 Thread 0x000000001f9dc800 DEOPT UNPACKING pc=0x00000000027b75d0 sp=0x000000005a9e9788 mode 0


Dynamic libraries:
0x00007ff6b5fa0000 - 0x00007ff6b5fd1000 	C:\Program Files\Android\Android Studio\jre\bin\java.exe
0x00007ffaf4770000 - 0x00007ffaf4951000 	C:\WINDOWS\SYSTEM32\ntdll.dll
0x00007ffaf3eb0000 - 0x00007ffaf3f61000 	C:\WINDOWS\System32\KERNEL32.DLL
0x00007ffaf0f60000 - 0x00007ffaf11d3000 	C:\WINDOWS\System32\KERNELBASE.dll
0x00007ffaf3b10000 - 0x00007ffaf3bb1000 	C:\WINDOWS\System32\ADVAPI32.dll
0x00007ffaf4530000 - 0x00007ffaf45ce000 	C:\WINDOWS\System32\msvcrt.dll
0x00007ffaf4480000 - 0x00007ffaf44db000 	C:\WINDOWS\System32\sechost.dll
0x00007ffaf3960000 - 0x00007ffaf3a83000 	C:\WINDOWS\System32\RPCRT4.dll
0x00007ffaf40d0000 - 0x00007ffaf4260000 	C:\WINDOWS\System32\USER32.dll
0x00007ffaf11e0000 - 0x00007ffaf1200000 	C:\WINDOWS\System32\win32u.dll
0x00007ffaf4260000 - 0x00007ffaf4288000 	C:\WINDOWS\System32\GDI32.dll
0x00007ffaf0cd0000 - 0x00007ffaf0e64000 	C:\WINDOWS\System32\gdi32full.dll
0x00007ffaf0ec0000 - 0x00007ffaf0f5f000 	C:\WINDOWS\System32\msvcp_win.dll
0x00007ffaf0bd0000 - 0x00007ffaf0cc8000 	C:\WINDOWS\System32\ucrtbase.dll
0x00007ffad6f20000 - 0x00007ffad7189000 	C:\WINDOWS\WinSxS\amd64_microsoft.windows.common-controls_6595b64144ccf1df_6.0.17134.1967_none_d401a2a77c8ec0c3\COMCTL32.dll
0x00007ffaf3630000 - 0x00007ffaf3952000 	C:\WINDOWS\System32\combase.dll
0x00007ffaf1980000 - 0x00007ffaf19f9000 	C:\WINDOWS\System32\bcryptPrimitives.dll
0x00007ffaf4500000 - 0x00007ffaf452d000 	C:\WINDOWS\System32\IMM32.DLL
0x0000000068770000 - 0x0000000068842000 	C:\Program Files\Android\Android Studio\jre\jre\bin\msvcr100.dll
0x00000000691a0000 - 0x00000000699eb000 	C:\Program Files\Android\Android Studio\jre\jre\bin\server\jvm.dll
0x00007ffaf3af0000 - 0x00007ffaf3af8000 	C:\WINDOWS\System32\PSAPI.DLL
0x00007ffae8590000 - 0x00007ffae859a000 	C:\WINDOWS\SYSTEM32\VERSION.dll
0x00007ffaeae50000 - 0x00007ffaeae73000 	C:\WINDOWS\SYSTEM32\WINMM.dll
0x00007ffadacd0000 - 0x00007ffadacd9000 	C:\WINDOWS\SYSTEM32\WSOCK32.dll
0x00007ffaf4290000 - 0x00007ffaf42fc000 	C:\WINDOWS\System32\WS2_32.dll
0x00007ffaeae20000 - 0x00007ffaeae4a000 	C:\WINDOWS\SYSTEM32\winmmbase.dll
0x00007ffaf0e70000 - 0x00007ffaf0eb9000 	C:\WINDOWS\System32\cfgmgr32.dll
0x00007ffadcd30000 - 0x00007ffadcd3f000 	C:\Program Files\Android\Android Studio\jre\jre\bin\verify.dll
0x00007ffad18b0000 - 0x00007ffad18d9000 	C:\Program Files\Android\Android Studio\jre\jre\bin\java.dll
0x00007ffad94c0000 - 0x00007ffad94d6000 	C:\Program Files\Android\Android Studio\jre\jre\bin\zip.dll
0x00007ffaf2040000 - 0x00007ffaf3485000 	C:\WINDOWS\System32\SHELL32.dll
0x00007ffaf4630000 - 0x00007ffaf46d8000 	C:\WINDOWS\System32\shcore.dll
0x00007ffaf1260000 - 0x00007ffaf1973000 	C:\WINDOWS\System32\windows.storage.dll
0x00007ffaf3a90000 - 0x00007ffaf3ae1000 	C:\WINDOWS\System32\shlwapi.dll
0x00007ffaf0ae0000 - 0x00007ffaf0af1000 	C:\WINDOWS\System32\kernel.appcore.dll
0x00007ffaf0ac0000 - 0x00007ffaf0adf000 	C:\WINDOWS\System32\profapi.dll
0x00007ffaf0a70000 - 0x00007ffaf0abc000 	C:\WINDOWS\System32\powrprof.dll
0x00007ffaf0a60000 - 0x00007ffaf0a6a000 	C:\WINDOWS\System32\FLTLIB.DLL
0x00007ffac9290000 - 0x00007ffac92aa000 	C:\Program Files\Android\Android Studio\jre\jre\bin\net.dll
0x00007ffaf02e0000 - 0x00007ffaf0346000 	C:\WINDOWS\system32\mswsock.dll
0x00007ffac2350000 - 0x00007ffac2363000 	C:\Program Files\Android\Android Studio\jre\jre\bin\nio.dll
0x00007ffae0310000 - 0x00007ffae0337000 	C:\Users\JongWook\.gradle\native\f6784746aeab05261644944871eae4fe03e0ef1612fff0a4a95f87b438bc6780\windows-amd64\native-platform.dll
0x00007ffad19b0000 - 0x00007ffad19bd000 	C:\Program Files\Android\Android Studio\jre\jre\bin\management.dll
0x00007ffaf04a0000 - 0x00007ffaf04b7000 	C:\WINDOWS\SYSTEM32\CRYPTSP.dll
0x00007ffaefe90000 - 0x00007ffaefec3000 	C:\WINDOWS\system32\rsaenh.dll
0x00007ffaf05c0000 - 0x00007ffaf05e5000 	C:\WINDOWS\SYSTEM32\bcrypt.dll
0x00007ffaf0990000 - 0x00007ffaf09b8000 	C:\WINDOWS\SYSTEM32\USERENV.dll
0x00007ffaf0490000 - 0x00007ffaf049b000 	C:\WINDOWS\SYSTEM32\CRYPTBASE.dll
0x00007ffaf0030000 - 0x00007ffaf0068000 	C:\WINDOWS\SYSTEM32\IPHLPAPI.DLL
0x00007ffaf43a0000 - 0x00007ffaf43a8000 	C:\WINDOWS\System32\NSI.dll
0x00007ffae78c0000 - 0x00007ffae78d6000 	C:\WINDOWS\SYSTEM32\dhcpcsvc6.DLL
0x00007ffae7890000 - 0x00007ffae78aa000 	C:\WINDOWS\SYSTEM32\dhcpcsvc.DLL
0x00007ffae7d70000 - 0x00007ffae7d7b000 	C:\WINDOWS\SYSTEM32\WINNSI.DLL
0x00007ffaefb20000 - 0x00007ffaefb51000 	C:\WINDOWS\SYSTEM32\ntmarta.dll
0x00007ffad18e0000 - 0x00007ffad1904000 	C:\Program Files\Android\Android Studio\jre\jre\bin\sunec.dll
0x00007ffaf0070000 - 0x00007ffaf012e000 	C:\WINDOWS\SYSTEM32\DNSAPI.dll
0x00007ffae78b0000 - 0x00007ffae78ba000 	C:\Windows\System32\rasadhlp.dll
0x00007ffae7570000 - 0x00007ffae75e2000 	C:\WINDOWS\System32\fwpuclnt.dll
0x00007ffadad70000 - 0x00007ffadad7b000 	C:\Program Files\Android\Android Studio\jre\jre\bin\sunmscapi.dll
0x00007ffaf1a00000 - 0x00007ffaf1be2000 	C:\WINDOWS\System32\CRYPT32.dll
0x00007ffaf0b00000 - 0x00007ffaf0b12000 	C:\WINDOWS\System32\MSASN1.dll

VM Arguments:
jvm_args: -Xmx2048m -Dfile.encoding=UTF-8 -Duser.country=KR -Duser.language=ko -Duser.variant 
java_command: org.gradle.launcher.daemon.bootstrap.GradleDaemon 6.5
java_class_path (initial): C:\Users\JongWook\.gradle\wrapper\dists\gradle-6.5-all\2oz4ud9k3tuxjg84bbf55q0tn\gradle-6.5\lib\gradle-launcher-6.5.jar
Launcher Type: SUN_STANDARD

Environment Variables:
PATH=C:\oraclexe\app\oracle\product\11.2.0\server\bin;;C:\WINDOWS\system32;C:\WINDOWS;C:\WINDOWS\System32\Wbem;C:\WINDOWS\System32\WindowsPowerShell\v1.0\;C:\Program Files\Intel\WiFi\bin\;C:\Program Files\Common Files\Intel\WirelessCommon\;C:\Program Files\dotnet\;C:\WINDOWS\System32\OpenSSH\;C:\Program Files\PuTTY\;C:\Program Files\Git\cmd;C:\Program Files\nodejs\;C:\Users\JongWook\AppData\Local\Microsoft\WindowsApps;C:\Users\JongWook\AppData\Local\GitHubDesktop\bin
USERNAME=JongWook
OS=Windows_NT
PROCESSOR_IDENTIFIER=Intel64 Family 6 Model 142 Stepping 10, GenuineIntel



---------------  S Y S T E M  ---------------

OS: Windows 10.0 , 64 bit Build 17134 (10.0.17134.1425)

CPU:total 8 (initial active 8) (4 cores per cpu, 2 threads per core) family 6 model 142 stepping 10, cmov, cx8, fxsr, mmx, sse, sse2, sse3, ssse3, sse4.1, sse4.2, popcnt, avx, avx2, aes, clmul, erms, 3dnowpref, lzcnt, ht, tsc, tscinvbit, bmi1, bmi2, adx

Memory: 4k page, physical 12412176k(1417672k free), swap 42935436k(8680k free)

vm_info: OpenJDK 64-Bit Server VM (25.242-b01) for windows-amd64 JRE (1.8.0_242-release-1644-b01), built by "builder" with MS VC++ 10.0 (VS2010)

time: Thu May 27 02:07:55 2021
timezone: 대한민국 표준시
elapsed time: 11953 seconds (0d 3h 19m 13s)

