#
# There is insufficient memory for the Java Runtime Environment to continue.
# Native memory allocation (malloc) failed to allocate 1058976 bytes for Chunk::new
# Possible reasons:
#   The system is out of physical RAM or swap space
#   The process is running with CompressedOops enabled, and the Java Heap may be blocking the growth of the native heap
# Possible solutions:
#   Reduce memory load on the system
#   Increase physical memory or swap space
#   Check if swap backing store is full
#   Decrease Java heap size (-Xmx/-Xms)
#   Decrease number of Java threads
#   Decrease Java thread stack sizes (-Xss)
#   Set larger code cache with -XX:ReservedCodeCacheSize=
#   JVM is running with Unscaled Compressed Oops mode in which the Java heap is
#     placed in the first 4GB address space. The Java Heap base address is the
#     maximum limit for the native heap growth. Please use -XX:HeapBaseMinAddress
#     to set the Java Heap base and to place the Java Heap above 4GB virtual address.
# This output file may be truncated or incomplete.
#
#  Out of Memory Error (allocation.cpp:389), pid=37624, tid=0x0000000000001f88
#
# JRE version: OpenJDK Runtime Environment (8.0_242-b01) (build 1.8.0_242-release-1644-b01)
# Java VM: OpenJDK 64-Bit Server VM (25.242-b01 mixed mode windows-amd64 compressed oops)
# Failed to write core dump. Minidumps are not enabled by default on client versions of Windows
#

---------------  T H R E A D  ---------------

Current thread (0x000000001a0f1000):  JavaThread "C2 CompilerThread1" daemon [_thread_in_native, id=8072, stack(0x000000001a9f0000,0x000000001aaf0000)]

Stack: [0x000000001a9f0000,0x000000001aaf0000]
[error occurred during error reporting (printing stack bounds), id 0xc0000005]

Native frames: (J=compiled Java code, j=interpreted, Vv=VM code, C=native code)


Current CompileTask:
C2:  10721 2651       4       groovy.lang.MetaClassImpl$1MOPIter::methodNameAction (325 bytes)


---------------  P R O C E S S  ---------------

Java Threads: ( => current thread )
  0x000000001c25e800 JavaThread "Cache worker for file content cache (C:\Users\JongWook\.gradle\caches\6.5\fileContent)" [_thread_blocked, id=7568, stack(0x0000000022f80000,0x0000000023080000)]
  0x000000001c25a800 JavaThread "jar transforms" [_thread_blocked, id=37468, stack(0x0000000022e80000,0x0000000022f80000)]
  0x000000001b006800 JavaThread "Cache worker for execution history cache (C:\Users\JongWook\.gradle\caches\6.5\executionHistory)" [_thread_blocked, id=23560, stack(0x0000000022780000,0x0000000022880000)]
  0x000000001b007000 JavaThread "Cache worker for cache directory md-rule (C:\Users\JongWook\.gradle\caches\6.5\md-rule)" [_thread_blocked, id=37960, stack(0x0000000022680000,0x0000000022780000)]
  0x000000001b005000 JavaThread "Cache worker for cache directory md-supplier (C:\Users\JongWook\.gradle\caches\6.5\md-supplier)" [_thread_blocked, id=24168, stack(0x0000000022580000,0x0000000022680000)]
  0x000000001b004000 JavaThread "Cache worker for checksums cache (C:\Users\JongWook\AndroidStudioProjects\JungGar\.gradle\checksums)" [_thread_blocked, id=25552, stack(0x0000000021230000,0x0000000021330000)]
  0x000000001b003800 JavaThread "Cache worker for file hash cache (C:\Users\JongWook\AndroidStudioProjects\JungGar\.gradle\6.5\fileHashes)" [_thread_blocked, id=39464, stack(0x0000000020f30000,0x0000000021030000)]
  0x000000001b002800 JavaThread "Cache worker for file hash cache (C:\Users\JongWook\.gradle\caches\6.5\fileHashes)" [_thread_blocked, id=29760, stack(0x000000001ec90000,0x000000001ed90000)]
  0x000000001b000800 JavaThread "File lock request listener" [_thread_in_native, id=35808, stack(0x000000001eb90000,0x000000001ec90000)]
  0x000000001b001000 JavaThread "Cache worker for journal cache (C:\Users\JongWook\.gradle\caches\journal-1)" [_thread_blocked, id=19444, stack(0x000000001ea90000,0x000000001eb90000)]
  0x000000001b005800 JavaThread "Thread-9" [_thread_blocked, id=34192, stack(0x000000001e790000,0x000000001e890000)]
  0x000000001b002000 JavaThread "Stdin handler" [_thread_blocked, id=18080, stack(0x000000001e690000,0x000000001e790000)]
  0x000000001b1db000 JavaThread "Asynchronous log dispatcher for DefaultDaemonConnection: socket connection from /127.0.0.1:5863 to /127.0.0.1:5864" [_thread_blocked, id=28236, stack(0x000000001e590000,0x000000001e690000)]
  0x000000001b1d9000 JavaThread "Daemon worker" [_thread_in_vm, id=34492, stack(0x000000001e490000,0x000000001e590000)]
  0x000000001b2d3000 JavaThread "Cancel handler" [_thread_blocked, id=37008, stack(0x000000001e290000,0x000000001e390000)]
  0x000000001b322000 JavaThread "Handler for socket connection from /127.0.0.1:5863 to /127.0.0.1:5864" [_thread_in_native, id=39292, stack(0x000000001e190000,0x000000001e290000)]
  0x000000001b324000 JavaThread "Daemon" [_thread_blocked, id=19928, stack(0x000000001e090000,0x000000001e190000)]
  0x000000001c96d800 JavaThread "Daemon periodic checks" [_thread_blocked, id=32904, stack(0x000000001dd90000,0x000000001de90000)]
  0x000000001c961800 JavaThread "Incoming local TCP Connector on port 5863" [_thread_in_native, id=7748, stack(0x000000001dbb0000,0x000000001dcb0000)]
  0x000000001c852000 JavaThread "Daemon health stats" [_thread_blocked, id=19344, stack(0x000000001d890000,0x000000001d990000)]
  0x000000001a185000 JavaThread "Service Thread" daemon [_thread_blocked, id=16084, stack(0x000000001acf0000,0x000000001adf0000)]
  0x000000001a106000 JavaThread "C1 CompilerThread3" daemon [_thread_blocked, id=31764, stack(0x000000001abf0000,0x000000001acf0000)]
  0x000000001a0fe800 JavaThread "C2 CompilerThread2" daemon [_thread_in_native, id=28148, stack(0x000000001aaf0000,0x000000001abf0000)]
=>0x000000001a0f1000 JavaThread "C2 CompilerThread1" daemon [_thread_in_native, id=8072, stack(0x000000001a9f0000,0x000000001aaf0000)]
  0x000000001a0ef800 JavaThread "C2 CompilerThread0" daemon [_thread_blocked, id=34220, stack(0x000000001a8f0000,0x000000001a9f0000)]
  0x000000001a09c000 JavaThread "Attach Listener" daemon [_thread_blocked, id=35364, stack(0x000000001a7f0000,0x000000001a8f0000)]
  0x000000001a09b000 JavaThread "Signal Dispatcher" daemon [_thread_blocked, id=37792, stack(0x000000001a6f0000,0x000000001a7f0000)]
  0x000000000321e000 JavaThread "Finalizer" daemon [_thread_blocked, id=32960, stack(0x000000001a560000,0x000000001a660000)]
  0x0000000003217000 JavaThread "Reference Handler" daemon [_thread_blocked, id=23644, stack(0x000000001a460000,0x000000001a560000)]
  0x000000000151e000 JavaThread "main" [_thread_blocked, id=34044, stack(0x0000000003020000,0x0000000003120000)]

Other Threads:
  0x0000000018286000 VMThread [stack: 0x0000000019f60000,0x000000001a060000] [id=36636]
  0x000000001a18e000 WatcherThread [stack: 0x000000001adf0000,0x000000001aef0000] [id=39424]

VM state:not at safepoint (normal execution)

VM Mutex/Monitor currently owned by a thread: None

heap address: 0x0000000080000000, size: 2048 MB, Compressed Oops mode: 32-bit
Narrow klass base: 0x0000000000000000, Narrow klass shift: 3
Compressed class space size: 1073741824 Address: 0x0000000100000000

Heap:
 PSYoungGen      total 102912K, used 27742K [0x00000000d5580000, 0x00000000e0280000, 0x0000000100000000)
  eden space 91136K, 17% used [0x00000000d5580000,0x00000000d654bdb8,0x00000000dae80000)
  from space 11776K, 98% used [0x00000000dae80000,0x00000000db9cbc20,0x00000000dba00000)
  to   space 13312K, 0% used [0x00000000df580000,0x00000000df580000,0x00000000e0280000)
 ParOldGen       total 69632K, used 7599K [0x0000000080000000, 0x0000000084400000, 0x00000000d5580000)
  object space 69632K, 10% used [0x0000000080000000,0x000000008076bc10,0x0000000084400000)
 Metaspace       used 33817K, capacity 35016K, committed 35200K, reserved 1079296K
  class space    used 4628K, capacity 4897K, committed 4992K, reserved 1048576K

Card table byte_map: [0x00000000125e0000,0x00000000129f0000] byte_map_base: 0x00000000121e0000

Marking Bits: (ParMarkBitMap*) 0x000000005690f030
 Begin Bits: [0x00000000134a0000, 0x00000000154a0000)
 End Bits:   [0x00000000154a0000, 0x00000000174a0000)

Polling page: 0x0000000000bf0000

CodeCache: size=245760Kb used=9891Kb max_used=9891Kb free=235868Kb
 bounds [0x0000000003220000, 0x0000000003bd0000, 0x0000000012220000]
 total_blobs=3280 nmethods=2594 adapters=599
 compilation: enabled

Compilation events (10 events):
Event: 10.655 Thread 0x000000001a106000 2769       3       java.lang.Byte::valueOf (10 bytes)
Event: 10.655 Thread 0x000000001a106000 nmethod 2769 0x0000000003bccad0 code [0x0000000003bccc20, 0x0000000003bccd90]
Event: 10.655 Thread 0x000000001a106000 2770       3       java.lang.invoke.MemberName::<init> (131 bytes)
Event: 10.657 Thread 0x000000001a106000 nmethod 2770 0x0000000003bcac10 code [0x0000000003bcaee0, 0x0000000003bcc2d8]
Event: 10.657 Thread 0x000000001a106000 2771       3       java.lang.invoke.MemberName::hashCode (39 bytes)
Event: 10.657 Thread 0x000000001a106000 nmethod 2771 0x0000000003bcd7d0 code [0x0000000003bcd9e0, 0x0000000003bce768]
Event: 10.692 Thread 0x000000001a106000 2772       3       com.google.common.cache.LocalCache::usesKeyReferences (16 bytes)
Event: 10.693 Thread 0x000000001a106000 nmethod 2772 0x0000000003bca890 code [0x0000000003bca9e0, 0x0000000003bcab90]
Event: 10.693 Thread 0x000000001a106000 2773       3       com.google.common.cache.LocalCache::usesValueReferences (16 bytes)
Event: 10.693 Thread 0x000000001a106000 nmethod 2773 0x0000000003bcebd0 code [0x0000000003bced20, 0x0000000003bceed0]

GC Heap History (10 events):
Event: 5.973 GC heap before
{Heap before GC invocations=4 (full 0):
 PSYoungGen      total 56832K, used 56828K [0x00000000d5580000, 0x00000000d9480000, 0x0000000100000000)
  eden space 49152K, 100% used [0x00000000d5580000,0x00000000d8580000,0x00000000d8580000)
  from space 7680K, 99% used [0x00000000d8580000,0x00000000d8cff398,0x00000000d8d00000)
  to   space 7680K, 0% used [0x00000000d8d00000,0x00000000d8d00000,0x00000000d9480000)
 ParOldGen       total 130048K, used 1641K [0x0000000080000000, 0x0000000087f00000, 0x00000000d5580000)
  object space 130048K, 1% used [0x0000000080000000,0x000000008019a458,0x0000000087f00000)
 Metaspace       used 20174K, capacity 20878K, committed 20992K, reserved 1067008K
  class space    used 2803K, capacity 2983K, committed 3072K, reserved 1048576K
Event: 5.984 GC heap after
Heap after GC invocations=4 (full 0):
 PSYoungGen      total 56832K, used 7672K [0x00000000d5580000, 0x00000000d9480000, 0x0000000100000000)
  eden space 49152K, 0% used [0x00000000d5580000,0x00000000d5580000,0x00000000d8580000)
  from space 7680K, 99% used [0x00000000d8d00000,0x00000000d947e3f0,0x00000000d9480000)
  to   space 7680K, 0% used [0x00000000d8580000,0x00000000d8580000,0x00000000d8d00000)
 ParOldGen       total 130048K, used 4373K [0x0000000080000000, 0x0000000087f00000, 0x00000000d5580000)
  object space 130048K, 3% used [0x0000000080000000,0x0000000080445698,0x0000000087f00000)
 Metaspace       used 20174K, capacity 20878K, committed 20992K, reserved 1067008K
  class space    used 2803K, capacity 2983K, committed 3072K, reserved 1048576K
}
Event: 6.044 GC heap before
{Heap before GC invocations=5 (full 0):
 PSYoungGen      total 56832K, used 12112K [0x00000000d5580000, 0x00000000d9480000, 0x0000000100000000)
  eden space 49152K, 9% used [0x00000000d5580000,0x00000000d59d5ed8,0x00000000d8580000)
  from space 7680K, 99% used [0x00000000d8d00000,0x00000000d947e3f0,0x00000000d9480000)
  to   space 7680K, 0% used [0x00000000d8580000,0x00000000d8580000,0x00000000d8d00000)
 ParOldGen       total 130048K, used 4373K [0x0000000080000000, 0x0000000087f00000, 0x00000000d5580000)
  object space 130048K, 3% used [0x0000000080000000,0x0000000080445698,0x0000000087f00000)
 Metaspace       used 20456K, capacity 21204K, committed 21248K, reserved 1067008K
  class space    used 2845K, capacity 3048K, committed 3072K, reserved 1048576K
Event: 6.049 GC heap after
Heap after GC invocations=5 (full 0):
 PSYoungGen      total 56832K, used 7274K [0x00000000d5580000, 0x00000000dcc80000, 0x0000000100000000)
  eden space 49152K, 0% used [0x00000000d5580000,0x00000000d5580000,0x00000000d8580000)
  from space 7680K, 94% used [0x00000000d8580000,0x00000000d8c9aa10,0x00000000d8d00000)
  to   space 11776K, 0% used [0x00000000dc100000,0x00000000dc100000,0x00000000dcc80000)
 ParOldGen       total 130048K, used 4381K [0x0000000080000000, 0x0000000087f00000, 0x00000000d5580000)
  object space 130048K, 3% used [0x0000000080000000,0x0000000080447698,0x0000000087f00000)
 Metaspace       used 20456K, capacity 21204K, committed 21248K, reserved 1067008K
  class space    used 2845K, capacity 3048K, committed 3072K, reserved 1048576K
}
Event: 6.050 GC heap before
{Heap before GC invocations=6 (full 1):
 PSYoungGen      total 56832K, used 7274K [0x00000000d5580000, 0x00000000dcc80000, 0x0000000100000000)
  eden space 49152K, 0% used [0x00000000d5580000,0x00000000d5580000,0x00000000d8580000)
  from space 7680K, 94% used [0x00000000d8580000,0x00000000d8c9aa10,0x00000000d8d00000)
  to   space 11776K, 0% used [0x00000000dc100000,0x00000000dc100000,0x00000000dcc80000)
 ParOldGen       total 130048K, used 4381K [0x0000000080000000, 0x0000000087f00000, 0x00000000d5580000)
  object space 130048K, 3% used [0x0000000080000000,0x0000000080447698,0x0000000087f00000)
 Metaspace       used 20456K, capacity 21204K, committed 21248K, reserved 1067008K
  class space    used 2845K, capacity 3048K, committed 3072K, reserved 1048576K
Event: 6.088 GC heap after
Heap after GC invocations=6 (full 1):
 PSYoungGen      total 56832K, used 0K [0x00000000d5580000, 0x00000000dcc80000, 0x0000000100000000)
  eden space 49152K, 0% used [0x00000000d5580000,0x00000000d5580000,0x00000000d8580000)
  from space 7680K, 0% used [0x00000000d8580000,0x00000000d8580000,0x00000000d8d00000)
  to   space 11776K, 0% used [0x00000000dc100000,0x00000000dc100000,0x00000000dcc80000)
 ParOldGen       total 69632K, used 7583K [0x0000000080000000, 0x0000000084400000, 0x00000000d5580000)
  object space 69632K, 10% used [0x0000000080000000,0x0000000080767c10,0x0000000084400000)
 Metaspace       used 20456K, capacity 21204K, committed 21248K, reserved 1067008K
  class space    used 2845K, capacity 3048K, committed 3072K, reserved 1048576K
}
Event: 7.362 GC heap before
{Heap before GC invocations=7 (full 1):
 PSYoungGen      total 56832K, used 49152K [0x00000000d5580000, 0x00000000dcc80000, 0x0000000100000000)
  eden space 49152K, 100% used [0x00000000d5580000,0x00000000d8580000,0x00000000d8580000)
  from space 7680K, 0% used [0x00000000d8580000,0x00000000d8580000,0x00000000d8d00000)
  to   space 11776K, 0% used [0x00000000dc100000,0x00000000dc100000,0x00000000dcc80000)
 ParOldGen       total 69632K, used 7583K [0x0000000080000000, 0x0000000084400000, 0x00000000d5580000)
  object space 69632K, 10% used [0x0000000080000000,0x0000000080767c10,0x0000000084400000)
 Metaspace       used 23907K, capacity 24766K, committed 24960K, reserved 1071104K
  class space    used 3387K, capacity 3619K, committed 3712K, reserved 1048576K
Event: 7.367 GC heap after
Heap after GC invocations=7 (full 1):
 PSYoungGen      total 91648K, used 4345K [0x00000000d5580000, 0x00000000dc580000, 0x0000000100000000)
  eden space 87040K, 0% used [0x00000000d5580000,0x00000000d5580000,0x00000000daa80000)
  from space 4608K, 94% used [0x00000000dc100000,0x00000000dc53e500,0x00000000dc580000)
  to   space 11776K, 0% used [0x00000000dae80000,0x00000000dae80000,0x00000000dba00000)
 ParOldGen       total 69632K, used 7591K [0x0000000080000000, 0x0000000084400000, 0x00000000d5580000)
  object space 69632K, 10% used [0x0000000080000000,0x0000000080769c10,0x0000000084400000)
 Metaspace       used 23907K, capacity 24766K, committed 24960K, reserved 1071104K
  class space    used 3387K, capacity 3619K, committed 3712K, reserved 1048576K
}
Event: 10.467 GC heap before
{Heap before GC invocations=8 (full 1):
 PSYoungGen      total 91648K, used 91385K [0x00000000d5580000, 0x00000000dc580000, 0x0000000100000000)
  eden space 87040K, 100% used [0x00000000d5580000,0x00000000daa80000,0x00000000daa80000)
  from space 4608K, 94% used [0x00000000dc100000,0x00000000dc53e500,0x00000000dc580000)
  to   space 11776K, 0% used [0x00000000dae80000,0x00000000dae80000,0x00000000dba00000)
 ParOldGen       total 69632K, used 7591K [0x0000000080000000, 0x0000000084400000, 0x00000000d5580000)
  object space 69632K, 10% used [0x0000000080000000,0x0000000080769c10,0x0000000084400000)
 Metaspace       used 33033K, capacity 34152K, committed 34304K, reserved 1079296K
  class space    used 4503K, capacity 4761K, committed 4864K, reserved 1048576K
Event: 10.484 GC heap after
Heap after GC invocations=8 (full 1):
 PSYoungGen      total 102912K, used 11567K [0x00000000d5580000, 0x00000000e0280000, 0x0000000100000000)
  eden space 91136K, 0% used [0x00000000d5580000,0x00000000d5580000,0x00000000dae80000)
  from space 11776K, 98% used [0x00000000dae80000,0x00000000db9cbc20,0x00000000dba00000)
  to   space 13312K, 0% used [0x00000000df580000,0x00000000df580000,0x00000000e0280000)
 ParOldGen       total 69632K, used 7599K [0x0000000080000000, 0x0000000084400000, 0x00000000d5580000)
  object space 69632K, 10% used [0x0000000080000000,0x000000008076bc10,0x0000000084400000)
 Metaspace       used 33033K, capacity 34152K, committed 34304K, reserved 1079296K
  class space    used 4503K, capacity 4761K, committed 4864K, reserved 1048576K
}

Deoptimization events (10 events):
Event: 9.338 Thread 0x000000001b1d9000 Uncommon trap: reason=unstable_if action=reinterpret pc=0x0000000003742b74 method=java.lang.ClassLoader.getClassLoadingLock(Ljava/lang/String;)Ljava/lang/Object; @ 6
Event: 9.864 Thread 0x000000001b1d9000 Uncommon trap: reason=unstable_if action=reinterpret pc=0x00000000037edb84 method=java.util.HashMap.getNode(ILjava/lang/Object;)Ljava/util/HashMap$Node; @ 53
Event: 9.864 Thread 0x000000001b1d9000 Uncommon trap: reason=unstable_if action=reinterpret pc=0x00000000037e4778 method=java.util.HashMap.putVal(ILjava/lang/Object;Ljava/lang/Object;ZZ)Ljava/lang/Object; @ 85
Event: 10.006 Thread 0x000000001b1d9000 Uncommon trap: reason=unstable_if action=reinterpret pc=0x0000000003a1a684 method=org.gradle.internal.reflect.PropertyAccessorType.isGetGetterName(Ljava/lang/String;)Z @ 14
Event: 10.041 Thread 0x000000001b1d9000 Uncommon trap: reason=unstable_if action=reinterpret pc=0x000000000392c940 method=org.objectweb.asm.ByteVector.putShort(I)Lorg/objectweb/asm/ByteVector; @ 13
Event: 10.201 Thread 0x000000001b1d9000 Uncommon trap: reason=unstable_if action=reinterpret pc=0x000000000388a34c method=java.net.URLClassLoader.defineClass(Ljava/lang/String;Lsun/misc/Resource;)Ljava/lang/Class; @ 21
Event: 10.308 Thread 0x000000001b1d9000 Uncommon trap: reason=unstable_if action=reinterpret pc=0x00000000034cf600 method=org.codehaus.groovy.runtime.metaclass.MetaMethodIndex.addMethodToList(Ljava/lang/Object;Lgroovy/lang/MetaMethod;)Ljava/lang/Object; @ 226
Event: 10.346 Thread 0x000000001b1d9000 Uncommon trap: reason=class_check action=maybe_recompile pc=0x00000000039a7e90 method=java.util.WeakHashMap.eq(Ljava/lang/Object;Ljava/lang/Object;)Z @ 7
Event: 10.350 Thread 0x000000001b1d9000 Uncommon trap: reason=class_check action=maybe_recompile pc=0x00000000039a7e90 method=java.util.WeakHashMap.eq(Ljava/lang/Object;Ljava/lang/Object;)Z @ 7
Event: 10.436 Thread 0x000000001b1d9000 Uncommon trap: reason=range_check action=make_not_entrant pc=0x0000000003b5e334 method=java.lang.String.charAt(I)C @ 27

Classes redefined (0 events):
No events

Internal exceptions (10 events):
Event: 10.346 Thread 0x000000001b1d9000 Exception <a 'java/lang/ClassNotFoundException': org/gradle/api/internal/DefaultDomainObjectCollectionCustomizer> (0x00000000da24d518) thrown at [C:\src\AOSP-openjdk-git\hotspot\src\share\vm\classfile\systemDictionary.cpp, line 210]
Event: 10.350 Thread 0x000000001b1d9000 Exception <a 'java/lang/ClassNotFoundException': org/gradle/api/internal/DefaultNamedDomainObjectCollectionCustomizer> (0x00000000da2ab8d0) thrown at [C:\src\AOSP-openjdk-git\hotspot\src\share\vm\classfile\systemDictionary.cpp, line 210]
Event: 10.356 Thread 0x000000001b1d9000 Exception <a 'java/lang/ClassNotFoundException': org/gradle/api/internal/DefaultNamedDomainObjectListCustomizer> (0x00000000da3203c8) thrown at [C:\src\AOSP-openjdk-git\hotspot\src\share\vm\classfile\systemDictionary.cpp, line 210]
Event: 10.365 Thread 0x000000001b1d9000 Exception <a 'java/lang/ClassNotFoundException': org/gradle/api/internal/artifacts/DefaultArtifactRepositoryContainerCustomizer> (0x00000000da395120) thrown at [C:\src\AOSP-openjdk-git\hotspot\src\share\vm\classfile\systemDictionary.cpp, line 210]
Event: 10.372 Thread 0x000000001b1d9000 Exception <a 'java/lang/ClassNotFoundException': org/gradle/api/internal/artifacts/dsl/DefaultRepositoryHandlerCustomizer> (0x00000000da3fa520) thrown at [C:\src\AOSP-openjdk-git\hotspot\src\share\vm\classfile\systemDictionary.cpp, line 210]
Event: 10.377 Thread 0x000000001b1d9000 Exception <a 'java/lang/ClassNotFoundException': org/gradle/api/internal/artifacts/dsl/DefaultRepositoryHandler_DecoratedCustomizer> (0x00000000da47dd50) thrown at [C:\src\AOSP-openjdk-git\hotspot\src\share\vm\classfile\systemDictionary.cpp, line 210]
Event: 10.614 Thread 0x000000001b1d9000 Exception <a 'java/lang/ClassNotFoundException': org/gradle/api/internal/artifacts/dsl/dependencies/DefaultDependencyHandler_DecoratedBeanInfo> (0x00000000d5de0a98) thrown at [C:\src\AOSP-openjdk-git\hotspot\src\share\vm\classfile\systemDictionary.cpp, li
Event: 10.616 Thread 0x000000001b1d9000 Exception <a 'java/lang/ClassNotFoundException': org/gradle/api/internal/artifacts/dsl/dependencies/DefaultDependencyHandlerBeanInfo> (0x00000000d5e393d8) thrown at [C:\src\AOSP-openjdk-git\hotspot\src\share\vm\classfile\systemDictionary.cpp, line 210]
Event: 10.617 Thread 0x000000001b1d9000 Exception <a 'java/lang/ClassNotFoundException': org/gradle/api/internal/artifacts/dsl/dependencies/DefaultDependencyHandlerCustomizer> (0x00000000d5e93018) thrown at [C:\src\AOSP-openjdk-git\hotspot\src\share\vm\classfile\systemDictionary.cpp, line 210]
Event: 10.620 Thread 0x000000001b1d9000 Exception <a 'java/lang/ClassNotFoundException': org/gradle/api/internal/artifacts/dsl/dependencies/DefaultDependencyHandler_DecoratedCustomizer> (0x00000000d5f1dd80) thrown at [C:\src\AOSP-openjdk-git\hotspot\src\share\vm\classfile\systemDictionary.cpp, 

Events (10 events):
Event: 10.702 loading class org/gradle/api/internal/artifacts/ivyservice/resolveengine/result/ComponentSelectionReasonSerializer
Event: 10.702 loading class org/gradle/api/internal/artifacts/ivyservice/resolveengine/result/ComponentSelectionReasonSerializer done
Event: 10.704 loading class org/gradle/api/internal/artifacts/ivyservice/resolveengine/result/ComponentResultSerializer
Event: 10.704 loading class org/gradle/api/internal/artifacts/ivyservice/resolveengine/result/ComponentResultSerializer done
Event: 10.706 loading class org/gradle/api/internal/artifacts/ivyservice/resolveengine/result/ComponentSelectorSerializer
Event: 10.706 loading class org/gradle/api/internal/artifacts/ivyservice/resolveengine/result/ComponentSelectorSerializer done
Event: 10.708 loading class org/gradle/api/internal/artifacts/ivyservice/resolveengine/result/ComponentSelectorSerializer$OptimizingAttributeContainerSerializer
Event: 10.708 loading class org/gradle/api/internal/artifacts/ivyservice/resolveengine/result/ComponentSelectorSerializer$OptimizingAttributeContainerSerializer done
Event: 10.710 loading class org/gradle/api/internal/artifacts/ivyservice/resolveengine/projectresult/ResolvedLocalComponentsResultGraphVisitor
Event: 10.710 loading class org/gradle/api/internal/artifacts/ivyservice/resolveengine/projectresult/ResolvedLocalComponentsResultGraphVisitor done


Dynamic libraries:
0x00007ff732040000 - 0x00007ff732071000 	C:\Program Files\Android\Android Studio\jre\bin\java.exe
0x00007ff8684c0000 - 0x00007ff8686a1000 	C:\WINDOWS\SYSTEM32\ntdll.dll
0x00007ff868370000 - 0x00007ff868421000 	C:\WINDOWS\System32\KERNEL32.DLL
0x00007ff864990000 - 0x00007ff864c03000 	C:\WINDOWS\System32\KERNELBASE.dll
0x00007ff865f00000 - 0x00007ff865fa1000 	C:\WINDOWS\System32\ADVAPI32.dll
0x00007ff868260000 - 0x00007ff8682fe000 	C:\WINDOWS\System32\msvcrt.dll
0x00007ff866720000 - 0x00007ff86677b000 	C:\WINDOWS\System32\sechost.dll
0x00007ff865fb0000 - 0x00007ff8660d3000 	C:\WINDOWS\System32\RPCRT4.dll
0x00007ff865d70000 - 0x00007ff865f00000 	C:\WINDOWS\System32\USER32.dll
0x00007ff864870000 - 0x00007ff864890000 	C:\WINDOWS\System32\win32u.dll
0x00007ff865ae0000 - 0x00007ff865b08000 	C:\WINDOWS\System32\GDI32.dll
0x00007ff864ce0000 - 0x00007ff864e74000 	C:\WINDOWS\System32\gdi32full.dll
0x00007ff8648f0000 - 0x00007ff86498f000 	C:\WINDOWS\System32\msvcp_win.dll
0x00007ff865070000 - 0x00007ff865168000 	C:\WINDOWS\System32\ucrtbase.dll
0x00007ff8526d0000 - 0x00007ff852939000 	C:\WINDOWS\WinSxS\amd64_microsoft.windows.common-controls_6595b64144ccf1df_6.0.17134.1967_none_d401a2a77c8ec0c3\COMCTL32.dll
0x00007ff867bd0000 - 0x00007ff867ef2000 	C:\WINDOWS\System32\combase.dll
0x00007ff864c10000 - 0x00007ff864c89000 	C:\WINDOWS\System32\bcryptPrimitives.dll
0x00007ff8660e0000 - 0x00007ff86610d000 	C:\WINDOWS\System32\IMM32.DLL
0x0000000057190000 - 0x0000000057262000 	C:\Program Files\Android\Android Studio\jre\jre\bin\msvcr100.dll
0x0000000056140000 - 0x000000005698b000 	C:\Program Files\Android\Android Studio\jre\jre\bin\server\jvm.dll
0x00007ff867f10000 - 0x00007ff867f18000 	C:\WINDOWS\System32\PSAPI.DLL
0x00007ff85d030000 - 0x00007ff85d03a000 	C:\WINDOWS\SYSTEM32\VERSION.dll
0x00007ff85f700000 - 0x00007ff85f723000 	C:\WINDOWS\SYSTEM32\WINMM.dll
0x00007ff84d460000 - 0x00007ff84d469000 	C:\WINDOWS\SYSTEM32\WSOCK32.dll
0x00007ff868300000 - 0x00007ff86836c000 	C:\WINDOWS\System32\WS2_32.dll
0x00007ff85ec20000 - 0x00007ff85ec4a000 	C:\WINDOWS\SYSTEM32\winmmbase.dll
0x00007ff864c90000 - 0x00007ff864cd9000 	C:\WINDOWS\System32\cfgmgr32.dll
0x00007ff85ea00000 - 0x00007ff85ea0f000 	C:\Program Files\Android\Android Studio\jre\jre\bin\verify.dll
0x00007ff851ac0000 - 0x00007ff851ae9000 	C:\Program Files\Android\Android Studio\jre\jre\bin\java.dll
0x00007ff8504b0000 - 0x00007ff8504c6000 	C:\Program Files\Android\Android Studio\jre\jre\bin\zip.dll
0x00007ff866780000 - 0x00007ff867bc5000 	C:\WINDOWS\System32\SHELL32.dll
0x00007ff866580000 - 0x00007ff866628000 	C:\WINDOWS\System32\shcore.dll
0x00007ff865170000 - 0x00007ff865883000 	C:\WINDOWS\System32\windows.storage.dll
0x00007ff868200000 - 0x00007ff868251000 	C:\WINDOWS\System32\shlwapi.dll
0x00007ff864850000 - 0x00007ff864861000 	C:\WINDOWS\System32\kernel.appcore.dll
0x00007ff864830000 - 0x00007ff86484f000 	C:\WINDOWS\System32\profapi.dll
0x00007ff8647e0000 - 0x00007ff86482c000 	C:\WINDOWS\System32\powrprof.dll
0x00007ff8647d0000 - 0x00007ff8647da000 	C:\WINDOWS\System32\FLTLIB.DLL
0x00007ff850230000 - 0x00007ff85024a000 	C:\Program Files\Android\Android Studio\jre\jre\bin\net.dll
0x00007ff864030000 - 0x00007ff864096000 	C:\WINDOWS\system32\mswsock.dll
0x00007ff850210000 - 0x00007ff850223000 	C:\Program Files\Android\Android Studio\jre\jre\bin\nio.dll
0x00007ff853980000 - 0x00007ff8539a7000 	C:\Users\JongWook\.gradle\native\f6784746aeab05261644944871eae4fe03e0ef1612fff0a4a95f87b438bc6780\windows-amd64\native-platform.dll
0x00007ff85e9f0000 - 0x00007ff85e9fd000 	C:\Program Files\Android\Android Studio\jre\jre\bin\management.dll
0x00007ff8641e0000 - 0x00007ff8641f7000 	C:\WINDOWS\SYSTEM32\CRYPTSP.dll
0x00007ff863b80000 - 0x00007ff863bb3000 	C:\WINDOWS\system32\rsaenh.dll
0x00007ff864310000 - 0x00007ff864335000 	C:\WINDOWS\SYSTEM32\bcrypt.dll
0x00007ff8646e0000 - 0x00007ff864708000 	C:\WINDOWS\SYSTEM32\USERENV.dll
0x00007ff864200000 - 0x00007ff86420b000 	C:\WINDOWS\SYSTEM32\CRYPTBASE.dll
0x00007ff863d80000 - 0x00007ff863db8000 	C:\WINDOWS\SYSTEM32\IPHLPAPI.DLL
0x00007ff8681f0000 - 0x00007ff8681f8000 	C:\WINDOWS\System32\NSI.dll
0x00007ff85b100000 - 0x00007ff85b116000 	C:\WINDOWS\SYSTEM32\dhcpcsvc6.DLL
0x00007ff85b0e0000 - 0x00007ff85b0fa000 	C:\WINDOWS\SYSTEM32\dhcpcsvc.DLL
0x00007ff85b7e0000 - 0x00007ff85b7eb000 	C:\WINDOWS\SYSTEM32\WINNSI.DLL

VM Arguments:
jvm_args: -Xmx2048m -Dfile.encoding=UTF-8 -Duser.country=KR -Duser.language=ko -Duser.variant 
java_command: org.gradle.launcher.daemon.bootstrap.GradleDaemon 6.5
java_class_path (initial): C:\Users\JongWook\.gradle\wrapper\dists\gradle-6.5-all\2oz4ud9k3tuxjg84bbf55q0tn\gradle-6.5\lib\gradle-launcher-6.5.jar
Launcher Type: SUN_STANDARD

Environment Variables:
PATH=C:\oraclexe\app\oracle\product\11.2.0\server\bin;;C:\WINDOWS\system32;C:\WINDOWS;C:\WINDOWS\System32\Wbem;C:\WINDOWS\System32\WindowsPowerShell\v1.0\;C:\Program Files\Intel\WiFi\bin\;C:\Program Files\Common Files\Intel\WirelessCommon\;C:\Program Files\dotnet\;C:\WINDOWS\System32\OpenSSH\;C:\Program Files\PuTTY\;C:\Program Files\Git\cmd;C:\Program Files\nodejs\;C:\Users\JongWook\AppData\Local\Microsoft\WindowsApps;C:\Users\JongWook\AppData\Local\GitHubDesktop\bin
USERNAME=JongWook
OS=Windows_NT
PROCESSOR_IDENTIFIER=Intel64 Family 6 Model 142 Stepping 10, GenuineIntel



---------------  S Y S T E M  ---------------

OS: Windows 10.0 , 64 bit Build 17134 (10.0.17134.1425)

CPU:total 8 (initial active 8) (4 cores per cpu, 2 threads per core) family 6 model 142 stepping 10, cmov, cx8, fxsr, mmx, sse, sse2, sse3, ssse3, sse4.1, sse4.2, popcnt, avx, avx2, aes, clmul, erms, 3dnowpref, lzcnt, ht, tsc, tscinvbit, bmi1, bmi2, adx

Memory: 4k page, physical 12412176k(3049772k free), swap 42935436k(5548k free)

vm_info: OpenJDK 64-Bit Server VM (25.242-b01) for windows-amd64 JRE (1.8.0_242-release-1644-b01), built by "builder" with MS VC++ 10.0 (VS2010)

time: Fri May 28 13:50:28 2021
timezone: 대한민국 표준시
elapsed time: 10 seconds (0d 0h 0m 10s)

